2019-07-26 09:27:05.744 [main] INFO  [          ] [com.ht.dsmxx.HtDsmxxCenterApplication:50] - Starting HtDsmxxCenterApplication on LAPTOP-8UUG1B54 with PID 5004 (D:\gitWorkspace\ht-dsmxx\ht-dsmxx-center\target\classes started by 26913 in D:\gitWorkspace\ht-dsmxx)
2019-07-26 09:27:05.760 [main] INFO  [          ] [com.ht.dsmxx.HtDsmxxCenterApplication:675] - No active profile set, falling back to default profiles: default
2019-07-26 09:27:07.231 [main] INFO  [          ] [org.springframework.data.repository.config.RepositoryConfigurationDelegate:244] - Multiple Spring Data modules found, entering strict repository configuration mode!
2019-07-26 09:27:07.231 [main] INFO  [          ] [org.springframework.data.repository.config.RepositoryConfigurationDelegate:126] - Bootstrapping Spring Data repositories in DEFAULT mode.
2019-07-26 09:27:07.309 [main] INFO  [          ] [org.springframework.data.repository.config.RepositoryConfigurationDelegate:182] - Finished Spring Data repository scanning in 47ms. Found 0 repository interfaces.
2019-07-26 09:27:07.840 [main] INFO  [          ] [org.springframework.context.support.PostProcessorRegistrationDelegate$BeanPostProcessorChecker:330] - Bean 'org.springframework.transaction.annotation.ProxyTransactionManagementConfiguration' of type [org.springframework.transaction.annotation.ProxyTransactionManagementConfiguration$$EnhancerBySpringCGLIB$$78eb6e21] is not eligible for getting processed by all BeanPostProcessors (for example: not eligible for auto-proxying)
2019-07-26 09:27:08.434 [main] INFO  [          ] [org.springframework.boot.web.embedded.tomcat.TomcatWebServer:90] - Tomcat initialized with port(s): 9090 (http)
2019-07-26 09:27:09.840 [main] INFO  [          ] [org.springframework.web.context.ContextLoader:296] - Root WebApplicationContext: initialization completed in 3924 ms
2019-07-26 09:27:10.137 [main] INFO  [          ] [com.alibaba.druid.spring.boot.autoconfigure.DruidDataSourceAutoConfigure:56] - Init DruidDataSource
2019-07-26 09:27:10.778 [main] INFO  [          ] [com.alibaba.druid.pool.DruidDataSource:928] - {dataSource-1} inited
2019-07-26 09:27:12.466 [main] INFO  [          ] [org.springframework.boot.web.embedded.tomcat.TomcatWebServer:204] - Tomcat started on port(s): 9090 (http) with context path ''
2019-07-26 09:27:12.466 [main] INFO  [          ] [com.ht.dsmxx.HtDsmxxCenterApplication:59] - Started HtDsmxxCenterApplication in 7.597 seconds (JVM running for 9.956)
2019-07-26 09:30:04.226 [main] INFO  [          ] [com.ht.dsmxx.HtDsmxxCenterApplication:50] - Starting HtDsmxxCenterApplication on LAPTOP-8UUG1B54 with PID 21816 (D:\gitWorkspace\ht-dsmxx\ht-dsmxx-center\target\classes started by 26913 in D:\gitWorkspace\ht-dsmxx)
2019-07-26 09:30:04.226 [main] INFO  [          ] [com.ht.dsmxx.HtDsmxxCenterApplication:675] - No active profile set, falling back to default profiles: default
2019-07-26 09:30:06.522 [main] INFO  [          ] [org.springframework.data.repository.config.RepositoryConfigurationDelegate:244] - Multiple Spring Data modules found, entering strict repository configuration mode!
2019-07-26 09:30:06.522 [main] INFO  [          ] [org.springframework.data.repository.config.RepositoryConfigurationDelegate:126] - Bootstrapping Spring Data repositories in DEFAULT mode.
2019-07-26 09:30:06.600 [main] INFO  [          ] [org.springframework.data.repository.config.RepositoryConfigurationDelegate:182] - Finished Spring Data repository scanning in 46ms. Found 0 repository interfaces.
2019-07-26 09:30:07.210 [main] INFO  [          ] [org.springframework.context.support.PostProcessorRegistrationDelegate$BeanPostProcessorChecker:330] - Bean 'org.springframework.transaction.annotation.ProxyTransactionManagementConfiguration' of type [org.springframework.transaction.annotation.ProxyTransactionManagementConfiguration$$EnhancerBySpringCGLIB$$d0120b90] is not eligible for getting processed by all BeanPostProcessors (for example: not eligible for auto-proxying)
2019-07-26 09:30:07.929 [main] INFO  [          ] [org.springframework.boot.web.embedded.tomcat.TomcatWebServer:90] - Tomcat initialized with port(s): 9090 (http)
2019-07-26 09:30:09.398 [main] INFO  [          ] [org.springframework.web.context.ContextLoader:296] - Root WebApplicationContext: initialization completed in 5031 ms
2019-07-26 09:30:09.976 [main] INFO  [          ] [com.alibaba.druid.spring.boot.autoconfigure.DruidDataSourceAutoConfigure:56] - Init DruidDataSource
2019-07-26 09:30:11.237 [main] INFO  [          ] [com.alibaba.druid.pool.DruidDataSource:928] - {dataSource-1} inited
2019-07-26 09:30:13.546 [main] INFO  [          ] [org.springframework.boot.web.embedded.tomcat.TomcatWebServer:204] - Tomcat started on port(s): 9090 (http) with context path ''
2019-07-26 09:30:13.552 [main] INFO  [          ] [com.ht.dsmxx.HtDsmxxCenterApplication:59] - Started HtDsmxxCenterApplication in 10.123 seconds (JVM running for 11.946)
2019-07-26 09:57:51.311 [main] INFO  [          ] [com.ht.dsmxx.HtDsmxxCenterApplication:50] - Starting HtDsmxxCenterApplication on LAPTOP-8UUG1B54 with PID 15852 (D:\gitWorkspace\ht-dsmxx\ht-dsmxx-center\target\classes started by 26913 in D:\gitWorkspace\ht-dsmxx)
2019-07-26 09:57:51.320 [main] INFO  [          ] [com.ht.dsmxx.HtDsmxxCenterApplication:675] - No active profile set, falling back to default profiles: default
2019-07-26 09:57:52.724 [main] INFO  [          ] [org.springframework.data.repository.config.RepositoryConfigurationDelegate:244] - Multiple Spring Data modules found, entering strict repository configuration mode!
2019-07-26 09:57:52.728 [main] INFO  [          ] [org.springframework.data.repository.config.RepositoryConfigurationDelegate:126] - Bootstrapping Spring Data repositories in DEFAULT mode.
2019-07-26 09:57:52.792 [main] INFO  [          ] [org.springframework.data.repository.config.RepositoryConfigurationDelegate:182] - Finished Spring Data repository scanning in 38ms. Found 0 repository interfaces.
2019-07-26 09:57:53.372 [main] INFO  [          ] [org.springframework.context.support.PostProcessorRegistrationDelegate$BeanPostProcessorChecker:330] - Bean 'org.springframework.transaction.annotation.ProxyTransactionManagementConfiguration' of type [org.springframework.transaction.annotation.ProxyTransactionManagementConfiguration$$EnhancerBySpringCGLIB$$8af86c2a] is not eligible for getting processed by all BeanPostProcessors (for example: not eligible for auto-proxying)
2019-07-26 09:57:53.893 [main] INFO  [          ] [org.springframework.boot.web.embedded.tomcat.TomcatWebServer:90] - Tomcat initialized with port(s): 9090 (http)
2019-07-26 09:57:55.277 [main] INFO  [          ] [org.springframework.web.context.ContextLoader:296] - Root WebApplicationContext: initialization completed in 3827 ms
2019-07-26 09:57:55.563 [main] INFO  [          ] [com.alibaba.druid.spring.boot.autoconfigure.DruidDataSourceAutoConfigure:56] - Init DruidDataSource
2019-07-26 09:57:56.136 [main] INFO  [          ] [com.alibaba.druid.pool.DruidDataSource:928] - {dataSource-1} inited
2019-07-26 09:57:57.733 [main] INFO  [          ] [org.springframework.boot.web.embedded.tomcat.TomcatWebServer:204] - Tomcat started on port(s): 9090 (http) with context path ''
2019-07-26 09:57:57.738 [main] INFO  [          ] [com.ht.dsmxx.HtDsmxxCenterApplication:59] - Started HtDsmxxCenterApplication in 7.25 seconds (JVM running for 9.537)
2019-07-26 09:58:11.777 [http-nio-9090-exec-1] INFO  [          ] [org.springframework.web.servlet.DispatcherServlet:524] - Initializing Servlet 'dispatcherServlet'
2019-07-26 09:58:11.793 [http-nio-9090-exec-1] INFO  [          ] [org.springframework.web.servlet.DispatcherServlet:546] - Completed initialization in 16 ms
2019-07-26 10:26:14.344 [http-nio-9090-exec-5] INFO  [          ] [com.ht.dsmxx.websocket.handler.WebSocketNoticeHandler:32] - 开始建立连接
2019-07-26 10:26:14.345 [http-nio-9090-exec-5] INFO  [          ] [com.ht.dsmxx.websocket.handler.WebSocketNoticeHandler:38] - 用户：1,成功建立连接
2019-07-26 11:05:58.472 [main] INFO  [          ] [com.ht.dsmxx.HtDsmxxCenterApplication:50] - Starting HtDsmxxCenterApplication on LAPTOP-8UUG1B54 with PID 10932 (D:\gitWorkspace\ht-dsmxx\ht-dsmxx-center\target\classes started by 26913 in D:\gitWorkspace\ht-dsmxx)
2019-07-26 11:05:58.486 [main] INFO  [          ] [com.ht.dsmxx.HtDsmxxCenterApplication:675] - No active profile set, falling back to default profiles: default
2019-07-26 11:05:59.908 [main] INFO  [          ] [org.springframework.data.repository.config.RepositoryConfigurationDelegate:244] - Multiple Spring Data modules found, entering strict repository configuration mode!
2019-07-26 11:05:59.912 [main] INFO  [          ] [org.springframework.data.repository.config.RepositoryConfigurationDelegate:126] - Bootstrapping Spring Data repositories in DEFAULT mode.
2019-07-26 11:05:59.976 [main] INFO  [          ] [org.springframework.data.repository.config.RepositoryConfigurationDelegate:182] - Finished Spring Data repository scanning in 40ms. Found 0 repository interfaces.
2019-07-26 11:06:00.516 [main] INFO  [          ] [org.springframework.context.support.PostProcessorRegistrationDelegate$BeanPostProcessorChecker:330] - Bean 'org.springframework.transaction.annotation.ProxyTransactionManagementConfiguration' of type [org.springframework.transaction.annotation.ProxyTransactionManagementConfiguration$$EnhancerBySpringCGLIB$$f76bcc45] is not eligible for getting processed by all BeanPostProcessors (for example: not eligible for auto-proxying)
2019-07-26 11:06:01.096 [main] INFO  [          ] [org.springframework.boot.web.embedded.tomcat.TomcatWebServer:90] - Tomcat initialized with port(s): 9090 (http)
2019-07-26 11:06:02.516 [main] INFO  [          ] [org.springframework.web.context.ContextLoader:296] - Root WebApplicationContext: initialization completed in 3914 ms
2019-07-26 11:06:02.841 [main] INFO  [          ] [com.alibaba.druid.spring.boot.autoconfigure.DruidDataSourceAutoConfigure:56] - Init DruidDataSource
2019-07-26 11:06:03.444 [main] INFO  [          ] [com.alibaba.druid.pool.DruidDataSource:928] - {dataSource-1} inited
2019-07-26 11:06:05.098 [main] INFO  [          ] [org.springframework.boot.web.embedded.tomcat.TomcatWebServer:204] - Tomcat started on port(s): 9090 (http) with context path ''
2019-07-26 11:06:05.103 [main] INFO  [          ] [com.ht.dsmxx.HtDsmxxCenterApplication:59] - Started HtDsmxxCenterApplication in 7.496 seconds (JVM running for 9.467)
2019-07-26 11:06:09.712 [http-nio-9090-exec-1] INFO  [          ] [org.springframework.web.servlet.DispatcherServlet:524] - Initializing Servlet 'dispatcherServlet'
2019-07-26 11:06:09.728 [http-nio-9090-exec-1] INFO  [          ] [org.springframework.web.servlet.DispatcherServlet:546] - Completed initialization in 15 ms
